info: Microsoft.AspNetCore.DataProtection.KeyManagement.XmlKeyManager[63]
      User profile is available. Using 'C:\Users\Raimundo Jose\AppData\Local\ASP.NET\DataProtection-Keys' as key repository and Windows DPAPI to encrypt keys at rest.
info: Microsoft.Hosting.Lifetime[0]
      Application started. Press Ctrl+C to shut down.
info: Microsoft.Hosting.Lifetime[0]
      Hosting environment: Development
info: Microsoft.Hosting.Lifetime[0]
      Content root path: C:\Users\Raimundo Jose\Documents\ubaintranet\server
info: Microsoft.AspNetCore.Hosting.Diagnostics[1]
      Request starting HTTP/1.1 GET http://localhost:5000/ - -
warn: Microsoft.AspNetCore.HttpsPolicy.HttpsRedirectionMiddleware[3]
      Failed to determine the https port for redirect.
info: Microsoft.AspNetCore.Routing.EndpointMiddleware[0]
      Executing endpoint '/_Host'
info: Microsoft.AspNetCore.Mvc.RazorPages.Infrastructure.PageActionInvoker[3]
      Route matched with {page = "/_Host", action = "", controller = ""}. Executing page /_Host
info: Microsoft.AspNetCore.Mvc.RazorPages.Infrastructure.PageActionInvoker[107]
      Executing an implicit handler method - ModelState is Valid
info: Microsoft.AspNetCore.Mvc.RazorPages.Infrastructure.PageActionInvoker[109]
      Executed an implicit handler method, returned result Microsoft.AspNetCore.Mvc.RazorPages.PageResult.
info: Microsoft.AspNetCore.Mvc.RazorPages.Infrastructure.PageActionInvoker[4]
      Executed page /_Host in 170.094ms
info: Microsoft.AspNetCore.Routing.EndpointMiddleware[1]
      Executed endpoint '/_Host'
info: Microsoft.AspNetCore.Hosting.Diagnostics[2]
      Request finished HTTP/1.1 GET http://localhost:5000/ - - - 200 - text/html;+charset=utf-8 309.6675ms
info: Microsoft.AspNetCore.Hosting.Diagnostics[1]
      Request starting HTTP/1.1 GET http://localhost:5000/_framework/blazor.server.js - -
info: Microsoft.AspNetCore.Hosting.Diagnostics[1]
      Request starting HTTP/1.1 GET http://localhost:5000/assets/css/styles.css - -
info: Microsoft.AspNetCore.Hosting.Diagnostics[1]
      Request starting HTTP/1.1 GET http://localhost:5000/_framework/aspnetcore-browser-refresh.js - -
info: Microsoft.AspNetCore.Hosting.Diagnostics[1]
      Request starting HTTP/1.1 GET http://localhost:5000/_content/Radzen.Blazor/Radzen.Blazor.js - -
info: Microsoft.AspNetCore.Hosting.Diagnostics[2]
      Request finished HTTP/1.1 GET http://localhost:5000/_framework/aspnetcore-browser-refresh.js - - - 200 11974 application/javascript;+charset=utf-8 18.9248ms
info: Microsoft.AspNetCore.StaticFiles.StaticFileMiddleware[6]
      The file /_framework/blazor.server.js was not modified
info: Microsoft.AspNetCore.StaticFiles.StaticFileMiddleware[6]
      The file /_content/Radzen.Blazor/Radzen.Blazor.js was not modified
info: Microsoft.AspNetCore.StaticFiles.StaticFileMiddleware[6]
      The file /assets/css/styles.css was not modified
info: Microsoft.AspNetCore.Hosting.Diagnostics[2]
      Request finished HTTP/1.1 GET http://localhost:5000/assets/css/styles.css - - - 304 - text/css 38.2638ms
info: Microsoft.AspNetCore.Hosting.Diagnostics[2]
      Request finished HTTP/1.1 GET http://localhost:5000/_framework/blazor.server.js - - - 304 - application/javascript 38.9750ms
info: Microsoft.AspNetCore.Hosting.Diagnostics[2]
      Request finished HTTP/1.1 GET http://localhost:5000/_content/Radzen.Blazor/Radzen.Blazor.js - - - 304 - application/javascript 26.6261ms
info: Microsoft.AspNetCore.Hosting.Diagnostics[1]
      Request starting HTTP/1.1 GET http://localhost:5000/assets/css/styles-generated.css - -
info: Microsoft.AspNetCore.StaticFiles.StaticFileMiddleware[6]
      The file /assets/css/styles-generated.css was not modified
info: Microsoft.AspNetCore.Hosting.Diagnostics[2]
      Request finished HTTP/1.1 GET http://localhost:5000/assets/css/styles-generated.css - - - 304 - text/css 3.9149ms
info: Microsoft.AspNetCore.Hosting.Diagnostics[1]
      Request starting HTTP/1.1 GET http://localhost:5000/_content/Radzen.Blazor/css/humanistic.css - -
info: Microsoft.AspNetCore.StaticFiles.StaticFileMiddleware[6]
      The file /_content/Radzen.Blazor/css/humanistic.css was not modified
info: Microsoft.AspNetCore.Hosting.Diagnostics[2]
      Request finished HTTP/1.1 GET http://localhost:5000/_content/Radzen.Blazor/css/humanistic.css - - - 304 - text/css 4.2863ms
info: Microsoft.AspNetCore.Hosting.Diagnostics[1]
      Request starting HTTP/1.1 GET http://localhost:5000/_blazor/initializers - -
info: Microsoft.AspNetCore.Hosting.Diagnostics[1]
      Request starting HTTP/1.1 GET http://localhost:5000/_content/Radzen.Blazor/fonts/SourceSansPro-Regular.woff - -
info: Microsoft.AspNetCore.StaticFiles.StaticFileMiddleware[6]
      The file /_content/Radzen.Blazor/fonts/SourceSansPro-Regular.woff was not modified
info: Microsoft.AspNetCore.Hosting.Diagnostics[2]
      Request finished HTTP/1.1 GET http://localhost:5000/_content/Radzen.Blazor/fonts/SourceSansPro-Regular.woff - - - 304 - application/font-woff 5.4084ms
info: Microsoft.AspNetCore.Routing.EndpointMiddleware[0]
      Executing endpoint 'Blazor initializers'
info: Microsoft.AspNetCore.Routing.EndpointMiddleware[1]
      Executed endpoint 'Blazor initializers'
info: Microsoft.AspNetCore.Hosting.Diagnostics[2]
      Request finished HTTP/1.1 GET http://localhost:5000/_blazor/initializers - - - 200 - application/json;+charset=utf-8 18.9320ms
info: Microsoft.AspNetCore.Hosting.Diagnostics[1]
      Request starting HTTP/1.1 POST http://localhost:5000/_blazor/negotiate?negotiateVersion=1 text/plain;charset=UTF-8 0
info: Microsoft.AspNetCore.Routing.EndpointMiddleware[0]
      Executing endpoint '/_blazor/negotiate'
info: Microsoft.AspNetCore.Routing.EndpointMiddleware[1]
      Executed endpoint '/_blazor/negotiate'
info: Microsoft.AspNetCore.Hosting.Diagnostics[2]
      Request finished HTTP/1.1 POST http://localhost:5000/_blazor/negotiate?negotiateVersion=1 text/plain;charset=UTF-8 0 - 200 316 application/json 21.1120ms
info: Microsoft.AspNetCore.Hosting.Diagnostics[1]
      Request starting HTTP/1.1 GET http://localhost:5000/_blazor?id=xQVC3Hwwxm79rLCT4S8vwQ - -
info: Microsoft.AspNetCore.Routing.EndpointMiddleware[0]
      Executing endpoint '/_blazor'
warn: Microsoft.EntityFrameworkCore.Model.Validation[10614]
      The foreign key {'DeptoId'} on entity type 'Department' targets itself. Consider removing it since it serves no purpose.
info: Microsoft.EntityFrameworkCore.Infrastructure[10403]
      Entity Framework Core 6.0.0 initialized 'KkkContext' using provider 'Microsoft.EntityFrameworkCore.SqlServer:6.0.0' with options: None
info: Microsoft.EntityFrameworkCore.Database.Command[20101]
      Executed DbCommand (22ms) [Parameters=[], CommandType='Text', CommandTimeout='30']
      SELECT [a].[AppId], [a].[Category], [a].[ClassLogo], [a].[Description], [a].[LastUpdate], [a].[Name], [a].[Ulr]
      FROM [dbo].[Apps] AS [a]
info: Microsoft.EntityFrameworkCore.Database.Command[20101]
      Executed DbCommand (2ms) [Parameters=[], CommandType='Text', CommandTimeout='30']
      SELECT [a].[AppId], [a].[Category], [a].[ClassLogo], [a].[Description], [a].[LastUpdate], [a].[Name], [a].[Ulr]
      FROM [dbo].[Apps] AS [a]
      WHERE [a].[Category] = N'Document'
info: Microsoft.AspNetCore.Hosting.Diagnostics[1]
      Request starting HTTP/1.1 GET http://localhost:5000/assets/UBA_logo.png - -
info: Microsoft.AspNetCore.Hosting.Diagnostics[1]
      Request starting HTTP/1.1 GET http://localhost:5000/images/depto2.png - -
info: Microsoft.AspNetCore.StaticFiles.StaticFileMiddleware[6]
      The file /assets/UBA_logo.png was not modified
info: Microsoft.AspNetCore.StaticFiles.StaticFileMiddleware[6]
      The file /images/depto2.png was not modified
info: Microsoft.AspNetCore.Hosting.Diagnostics[1]
      Request starting HTTP/1.1 GET http://localhost:5000/images/birthday.png - -
info: Microsoft.AspNetCore.Hosting.Diagnostics[1]
      Request starting HTTP/1.1 GET http://localhost:5000/images/update1.png - -
info: Microsoft.AspNetCore.Hosting.Diagnostics[2]
      Request finished HTTP/1.1 GET http://localhost:5000/assets/UBA_logo.png - - - 304 - image/png 10.9058ms
info: Microsoft.AspNetCore.Hosting.Diagnostics[2]
      Request finished HTTP/1.1 GET http://localhost:5000/images/depto2.png - - - 304 - image/png 14.3704ms
info: Microsoft.AspNetCore.StaticFiles.StaticFileMiddleware[6]
      The file /images/birthday.png was not modified
info: Microsoft.AspNetCore.Hosting.Diagnostics[1]
      Request starting HTTP/1.1 GET http://localhost:5000/images/file.png - -
info: Microsoft.AspNetCore.Hosting.Diagnostics[2]
      Request finished HTTP/1.1 GET http://localhost:5000/images/birthday.png - - - 304 - image/png 16.1975ms
info: Microsoft.AspNetCore.StaticFiles.StaticFileMiddleware[6]
      The file /images/file.png was not modified
info: Microsoft.AspNetCore.StaticFiles.StaticFileMiddleware[6]
      The file /images/update1.png was not modified
info: Microsoft.AspNetCore.Hosting.Diagnostics[2]
      Request finished HTTP/1.1 GET http://localhost:5000/images/file.png - - - 304 - image/png 11.3719ms
info: Microsoft.AspNetCore.Hosting.Diagnostics[2]
      Request finished HTTP/1.1 GET http://localhost:5000/images/update1.png - - - 304 - image/png 26.3171ms
info: Microsoft.AspNetCore.Hosting.Diagnostics[1]
      Request starting HTTP/1.1 GET http://localhost:5000/_content/Radzen.Blazor/fonts/SourceSansPro-Bold.woff - -
info: Microsoft.AspNetCore.Hosting.Diagnostics[1]
      Request starting HTTP/1.1 GET http://localhost:5000/_content/Radzen.Blazor/fonts/MaterialIcons-Regular.woff - -
info: Microsoft.AspNetCore.Hosting.Diagnostics[1]
      Request starting HTTP/1.1 GET http://localhost:5000/_content/Radzen.Blazor/fonts/SourceSansPro-Semibold.woff - -
info: Microsoft.AspNetCore.StaticFiles.StaticFileMiddleware[6]
      The file /_content/Radzen.Blazor/fonts/SourceSansPro-Bold.woff was not modified
info: Microsoft.AspNetCore.StaticFiles.StaticFileMiddleware[6]
      The file /_content/Radzen.Blazor/fonts/SourceSansPro-Semibold.woff was not modified
info: Microsoft.AspNetCore.StaticFiles.StaticFileMiddleware[6]
      The file /_content/Radzen.Blazor/fonts/MaterialIcons-Regular.woff was not modified
info: Microsoft.AspNetCore.Hosting.Diagnostics[2]
      Request finished HTTP/1.1 GET http://localhost:5000/_content/Radzen.Blazor/fonts/SourceSansPro-Semibold.woff - - - 304 - application/font-woff 13.7532ms
info: Microsoft.AspNetCore.Hosting.Diagnostics[2]
      Request finished HTTP/1.1 GET http://localhost:5000/_content/Radzen.Blazor/fonts/SourceSansPro-Bold.woff - - - 304 - application/font-woff 16.8673ms
info: Microsoft.AspNetCore.Hosting.Diagnostics[2]
      Request finished HTTP/1.1 GET http://localhost:5000/_content/Radzen.Blazor/fonts/MaterialIcons-Regular.woff - - - 304 - application/font-woff 19.0277ms
info: Microsoft.EntityFrameworkCore.Database.Command[20101]
      Executed DbCommand (4ms) [Parameters=[], CommandType='Text', CommandTimeout='30']
      SELECT COUNT(*)
      FROM [dbo].[Staff] AS [s]
warn: Microsoft.EntityFrameworkCore.Query[10102]
      The query uses a row limiting operator ('Skip'/'Take') without an 'OrderBy' operator. This may lead to unpredictable results. If the 'Distinct' operator is used after 'OrderBy', then make sure to use the 'OrderBy' operator after 'Distinct' as the ordering would otherwise get erased.
warn: Microsoft.EntityFrameworkCore.Query[10102]
      The query uses a row limiting operator ('Skip'/'Take') without an 'OrderBy' operator. This may lead to unpredictable results. If the 'Distinct' operator is used after 'OrderBy', then make sure to use the 'OrderBy' operator after 'Distinct' as the ordering would otherwise get erased.
info: Microsoft.EntityFrameworkCore.Database.Command[20101]
      Executed DbCommand (23ms) [Parameters=[@__p_0='?' (DbType = Int32), @__p_1='?' (DbType = Int32)], CommandType='Text', CommandTimeout='30']
      SELECT [s].[StaffId], [s].[Age], [s].[Country], [s].[CountryOrigin], [s].[CountryWork], [s].[CurrentYear], [s].[DateBirth], [s].[DateLastPromotion], [s].[Department], [s].[Email], [s].[EmploymentDate], [s].[Extension], [s].[FirstName], [s].[GradeClassification], [s].[JobGrade], [s].[JobRole], [s].[LengthStay], [s].[LocationBranch], [s].[MiddleName], [s].[Mobile1], [s].[Mobile2], [s].[SalesNonSales], [s].[SolId], [s].[StartDate], [s].[Surname], [s].[UnitCode]
      FROM [dbo].[Staff] AS [s]
      ORDER BY (SELECT 1)
      OFFSET @__p_0 ROWS FETCH NEXT @__p_1 ROWS ONLY
info: Microsoft.AspNetCore.Hosting.Diagnostics[1]
      Request starting HTTP/1.1 GET http://localhost:5000/images/MsOutlook02.png - -
info: Microsoft.AspNetCore.Hosting.Diagnostics[1]
      Request starting HTTP/1.1 GET http://localhost:5000/images/MsTeams.png - -
info: Microsoft.AspNetCore.Hosting.Diagnostics[1]
      Request starting HTTP/1.1 GET http://localhost:5000/images/MsPhone1.png - -
info: Microsoft.AspNetCore.StaticFiles.StaticFileMiddleware[6]
      The file /images/MsOutlook02.png was not modified
info: Microsoft.AspNetCore.StaticFiles.StaticFileMiddleware[6]
      The file /images/MsTeams.png was not modified
info: Microsoft.AspNetCore.StaticFiles.StaticFileMiddleware[6]
      The file /images/MsPhone1.png was not modified
info: Microsoft.AspNetCore.Hosting.Diagnostics[2]
      Request finished HTTP/1.1 GET http://localhost:5000/images/MsOutlook02.png - - - 304 - image/png 15.6193ms
info: Microsoft.AspNetCore.Hosting.Diagnostics[2]
      Request finished HTTP/1.1 GET http://localhost:5000/images/MsTeams.png - - - 304 - image/png 16.8229ms
info: Microsoft.AspNetCore.Hosting.Diagnostics[2]
      Request finished HTTP/1.1 GET http://localhost:5000/images/MsPhone1.png - - - 304 - image/png 16.8014ms
info: Microsoft.EntityFrameworkCore.Database.Command[20101]
      Executed DbCommand (1ms) [Parameters=[], CommandType='Text', CommandTimeout='30']
      SELECT COUNT(*)
      FROM [dbo].[Staff] AS [s]
warn: Microsoft.EntityFrameworkCore.Query[10102]
      The query uses a row limiting operator ('Skip'/'Take') without an 'OrderBy' operator. This may lead to unpredictable results. If the 'Distinct' operator is used after 'OrderBy', then make sure to use the 'OrderBy' operator after 'Distinct' as the ordering would otherwise get erased.
warn: Microsoft.EntityFrameworkCore.Query[10102]
      The query uses a row limiting operator ('Skip'/'Take') without an 'OrderBy' operator. This may lead to unpredictable results. If the 'Distinct' operator is used after 'OrderBy', then make sure to use the 'OrderBy' operator after 'Distinct' as the ordering would otherwise get erased.
info: Microsoft.EntityFrameworkCore.Database.Command[20101]
      Executed DbCommand (2ms) [Parameters=[@__p_0='?' (DbType = Int32), @__p_1='?' (DbType = Int32)], CommandType='Text', CommandTimeout='30']
      SELECT [s].[StaffId], [s].[Age], [s].[Country], [s].[CountryOrigin], [s].[CountryWork], [s].[CurrentYear], [s].[DateBirth], [s].[DateLastPromotion], [s].[Department], [s].[Email], [s].[EmploymentDate], [s].[Extension], [s].[FirstName], [s].[GradeClassification], [s].[JobGrade], [s].[JobRole], [s].[LengthStay], [s].[LocationBranch], [s].[MiddleName], [s].[Mobile1], [s].[Mobile2], [s].[SalesNonSales], [s].[SolId], [s].[StartDate], [s].[Surname], [s].[UnitCode]
      FROM [dbo].[Staff] AS [s]
      ORDER BY (SELECT 1)
      OFFSET @__p_0 ROWS FETCH NEXT @__p_1 ROWS ONLY
info: Microsoft.AspNetCore.Hosting.Diagnostics[1]
      Request starting HTTP/1.1 GET http://localhost:5000/_content/Radzen.Blazor/css/humanistic.css - -
info: Microsoft.AspNetCore.Hosting.Diagnostics[1]
      Request starting HTTP/1.1 GET http://localhost:5000/assets/css/styles-generated.css - -
info: Microsoft.AspNetCore.Hosting.Diagnostics[1]
      Request starting HTTP/1.1 GET http://localhost:5000/assets/css/styles.css - -
info: Microsoft.AspNetCore.StaticFiles.StaticFileMiddleware[6]
      The file /assets/css/styles.css was not modified
info: Microsoft.AspNetCore.StaticFiles.StaticFileMiddleware[6]
      The file /assets/css/styles-generated.css was not modified
info: Microsoft.AspNetCore.StaticFiles.StaticFileMiddleware[6]
      The file /_content/Radzen.Blazor/css/humanistic.css was not modified
info: Microsoft.AspNetCore.Hosting.Diagnostics[2]
      Request finished HTTP/1.1 GET http://localhost:5000/assets/css/styles-generated.css - - - 304 - text/css 13.3576ms
info: Microsoft.AspNetCore.Hosting.Diagnostics[2]
      Request finished HTTP/1.1 GET http://localhost:5000/assets/css/styles.css - - - 304 - text/css 13.3576ms
info: Microsoft.AspNetCore.Hosting.Diagnostics[2]
      Request finished HTTP/1.1 GET http://localhost:5000/_content/Radzen.Blazor/css/humanistic.css - - - 304 - text/css 15.3992ms
info: Microsoft.EntityFrameworkCore.Database.Command[20101]
      Executed DbCommand (5ms) [Parameters=[], CommandType='Text', CommandTimeout='30']
      SELECT COUNT(*)
      FROM [dbo].[Staff] AS [s]
      WHERE ((((((((((((((((((([s].[UnitCode] LIKE N'%p%') OR ([s].[Country] LIKE N'%p%')) OR ([s].[Surname] LIKE N'%p%')) OR ([s].[FirstName] LIKE N'%p%')) OR ([s].[MiddleName] LIKE N'%p%')) OR ([s].[Email] LIKE N'%p%')) OR ([s].[JobGrade] LIKE N'%p%')) OR ([s].[GradeClassification] LIKE N'%p%')) OR ([s].[JobRole] LIKE N'%p%')) OR ([s].[SalesNonSales] LIKE N'%p%')) OR ([s].[Department] LIKE N'%p%')) OR ([s].[LocationBranch] LIKE N'%p%')) OR ([s].[CountryWork] LIKE N'%p%')) OR ([s].[CountryOrigin] LIKE N'%p%')) OR ([s].[EmploymentDate] LIKE N'%p%')) OR ([s].[LengthStay] LIKE N'%p%')) OR ([s].[SolId] LIKE N'%p%')) OR ([s].[Mobile1] LIKE N'%p%')) OR ([s].[Mobile2] LIKE N'%p%')) OR ([s].[Extension] LIKE N'%p%')
warn: Microsoft.EntityFrameworkCore.Query[10102]
      The query uses a row limiting operator ('Skip'/'Take') without an 'OrderBy' operator. This may lead to unpredictable results. If the 'Distinct' operator is used after 'OrderBy', then make sure to use the 'OrderBy' operator after 'Distinct' as the ordering would otherwise get erased.
warn: Microsoft.EntityFrameworkCore.Query[10102]
      The query uses a row limiting operator ('Skip'/'Take') without an 'OrderBy' operator. This may lead to unpredictable results. If the 'Distinct' operator is used after 'OrderBy', then make sure to use the 'OrderBy' operator after 'Distinct' as the ordering would otherwise get erased.
info: Microsoft.EntityFrameworkCore.Database.Command[20101]
      Executed DbCommand (4ms) [Parameters=[@__p_0='?' (DbType = Int32), @__p_1='?' (DbType = Int32)], CommandType='Text', CommandTimeout='30']
      SELECT [s].[StaffId], [s].[Age], [s].[Country], [s].[CountryOrigin], [s].[CountryWork], [s].[CurrentYear], [s].[DateBirth], [s].[DateLastPromotion], [s].[Department], [s].[Email], [s].[EmploymentDate], [s].[Extension], [s].[FirstName], [s].[GradeClassification], [s].[JobGrade], [s].[JobRole], [s].[LengthStay], [s].[LocationBranch], [s].[MiddleName], [s].[Mobile1], [s].[Mobile2], [s].[SalesNonSales], [s].[SolId], [s].[StartDate], [s].[Surname], [s].[UnitCode]
      FROM [dbo].[Staff] AS [s]
      WHERE ((((((((((((((((((([s].[UnitCode] LIKE N'%p%') OR ([s].[Country] LIKE N'%p%')) OR ([s].[Surname] LIKE N'%p%')) OR ([s].[FirstName] LIKE N'%p%')) OR ([s].[MiddleName] LIKE N'%p%')) OR ([s].[Email] LIKE N'%p%')) OR ([s].[JobGrade] LIKE N'%p%')) OR ([s].[GradeClassification] LIKE N'%p%')) OR ([s].[JobRole] LIKE N'%p%')) OR ([s].[SalesNonSales] LIKE N'%p%')) OR ([s].[Department] LIKE N'%p%')) OR ([s].[LocationBranch] LIKE N'%p%')) OR ([s].[CountryWork] LIKE N'%p%')) OR ([s].[CountryOrigin] LIKE N'%p%')) OR ([s].[EmploymentDate] LIKE N'%p%')) OR ([s].[LengthStay] LIKE N'%p%')) OR ([s].[SolId] LIKE N'%p%')) OR ([s].[Mobile1] LIKE N'%p%')) OR ([s].[Mobile2] LIKE N'%p%')) OR ([s].[Extension] LIKE N'%p%')
      ORDER BY (SELECT 1)
      OFFSET @__p_0 ROWS FETCH NEXT @__p_1 ROWS ONLY
info: Microsoft.EntityFrameworkCore.Database.Command[20101]
      Executed DbCommand (6ms) [Parameters=[], CommandType='Text', CommandTimeout='30']
      SELECT COUNT(*)
      FROM [dbo].[Staff] AS [s]
      WHERE ((((((((((((((((((([s].[UnitCode] LIKE N'%pe%') OR ([s].[Country] LIKE N'%pe%')) OR ([s].[Surname] LIKE N'%pe%')) OR ([s].[FirstName] LIKE N'%pe%')) OR ([s].[MiddleName] LIKE N'%pe%')) OR ([s].[Email] LIKE N'%pe%')) OR ([s].[JobGrade] LIKE N'%pe%')) OR ([s].[GradeClassification] LIKE N'%pe%')) OR ([s].[JobRole] LIKE N'%pe%')) OR ([s].[SalesNonSales] LIKE N'%pe%')) OR ([s].[Department] LIKE N'%pe%')) OR ([s].[LocationBranch] LIKE N'%pe%')) OR ([s].[CountryWork] LIKE N'%pe%')) OR ([s].[CountryOrigin] LIKE N'%pe%')) OR ([s].[EmploymentDate] LIKE N'%pe%')) OR ([s].[LengthStay] LIKE N'%pe%')) OR ([s].[SolId] LIKE N'%pe%')) OR ([s].[Mobile1] LIKE N'%pe%')) OR ([s].[Mobile2] LIKE N'%pe%')) OR ([s].[Extension] LIKE N'%pe%')
warn: Microsoft.EntityFrameworkCore.Query[10102]
      The query uses a row limiting operator ('Skip'/'Take') without an 'OrderBy' operator. This may lead to unpredictable results. If the 'Distinct' operator is used after 'OrderBy', then make sure to use the 'OrderBy' operator after 'Distinct' as the ordering would otherwise get erased.
warn: Microsoft.EntityFrameworkCore.Query[10102]
      The query uses a row limiting operator ('Skip'/'Take') without an 'OrderBy' operator. This may lead to unpredictable results. If the 'Distinct' operator is used after 'OrderBy', then make sure to use the 'OrderBy' operator after 'Distinct' as the ordering would otherwise get erased.
info: Microsoft.EntityFrameworkCore.Database.Command[20101]
      Executed DbCommand (6ms) [Parameters=[@__p_0='?' (DbType = Int32), @__p_1='?' (DbType = Int32)], CommandType='Text', CommandTimeout='30']
      SELECT [s].[StaffId], [s].[Age], [s].[Country], [s].[CountryOrigin], [s].[CountryWork], [s].[CurrentYear], [s].[DateBirth], [s].[DateLastPromotion], [s].[Department], [s].[Email], [s].[EmploymentDate], [s].[Extension], [s].[FirstName], [s].[GradeClassification], [s].[JobGrade], [s].[JobRole], [s].[LengthStay], [s].[LocationBranch], [s].[MiddleName], [s].[Mobile1], [s].[Mobile2], [s].[SalesNonSales], [s].[SolId], [s].[StartDate], [s].[Surname], [s].[UnitCode]
      FROM [dbo].[Staff] AS [s]
      WHERE ((((((((((((((((((([s].[UnitCode] LIKE N'%pe%') OR ([s].[Country] LIKE N'%pe%')) OR ([s].[Surname] LIKE N'%pe%')) OR ([s].[FirstName] LIKE N'%pe%')) OR ([s].[MiddleName] LIKE N'%pe%')) OR ([s].[Email] LIKE N'%pe%')) OR ([s].[JobGrade] LIKE N'%pe%')) OR ([s].[GradeClassification] LIKE N'%pe%')) OR ([s].[JobRole] LIKE N'%pe%')) OR ([s].[SalesNonSales] LIKE N'%pe%')) OR ([s].[Department] LIKE N'%pe%')) OR ([s].[LocationBranch] LIKE N'%pe%')) OR ([s].[CountryWork] LIKE N'%pe%')) OR ([s].[CountryOrigin] LIKE N'%pe%')) OR ([s].[EmploymentDate] LIKE N'%pe%')) OR ([s].[LengthStay] LIKE N'%pe%')) OR ([s].[SolId] LIKE N'%pe%')) OR ([s].[Mobile1] LIKE N'%pe%')) OR ([s].[Mobile2] LIKE N'%pe%')) OR ([s].[Extension] LIKE N'%pe%')
      ORDER BY (SELECT 1)
      OFFSET @__p_0 ROWS FETCH NEXT @__p_1 ROWS ONLY
info: Microsoft.EntityFrameworkCore.Database.Command[20101]
      Executed DbCommand (8ms) [Parameters=[], CommandType='Text', CommandTimeout='30']
      SELECT COUNT(*)
      FROM [dbo].[Staff] AS [s]
      WHERE ((((((((((((((((((([s].[UnitCode] LIKE N'%ped%') OR ([s].[Country] LIKE N'%ped%')) OR ([s].[Surname] LIKE N'%ped%')) OR ([s].[FirstName] LIKE N'%ped%')) OR ([s].[MiddleName] LIKE N'%ped%')) OR ([s].[Email] LIKE N'%ped%')) OR ([s].[JobGrade] LIKE N'%ped%')) OR ([s].[GradeClassification] LIKE N'%ped%')) OR ([s].[JobRole] LIKE N'%ped%')) OR ([s].[SalesNonSales] LIKE N'%ped%')) OR ([s].[Department] LIKE N'%ped%')) OR ([s].[LocationBranch] LIKE N'%ped%')) OR ([s].[CountryWork] LIKE N'%ped%')) OR ([s].[CountryOrigin] LIKE N'%ped%')) OR ([s].[EmploymentDate] LIKE N'%ped%')) OR ([s].[LengthStay] LIKE N'%ped%')) OR ([s].[SolId] LIKE N'%ped%')) OR ([s].[Mobile1] LIKE N'%ped%')) OR ([s].[Mobile2] LIKE N'%ped%')) OR ([s].[Extension] LIKE N'%ped%')
warn: Microsoft.EntityFrameworkCore.Query[10102]
      The query uses a row limiting operator ('Skip'/'Take') without an 'OrderBy' operator. This may lead to unpredictable results. If the 'Distinct' operator is used after 'OrderBy', then make sure to use the 'OrderBy' operator after 'Distinct' as the ordering would otherwise get erased.
warn: Microsoft.EntityFrameworkCore.Query[10102]
      The query uses a row limiting operator ('Skip'/'Take') without an 'OrderBy' operator. This may lead to unpredictable results. If the 'Distinct' operator is used after 'OrderBy', then make sure to use the 'OrderBy' operator after 'Distinct' as the ordering would otherwise get erased.
info: Microsoft.EntityFrameworkCore.Database.Command[20101]
      Executed DbCommand (6ms) [Parameters=[@__p_0='?' (DbType = Int32), @__p_1='?' (DbType = Int32)], CommandType='Text', CommandTimeout='30']
      SELECT [s].[StaffId], [s].[Age], [s].[Country], [s].[CountryOrigin], [s].[CountryWork], [s].[CurrentYear], [s].[DateBirth], [s].[DateLastPromotion], [s].[Department], [s].[Email], [s].[EmploymentDate], [s].[Extension], [s].[FirstName], [s].[GradeClassification], [s].[JobGrade], [s].[JobRole], [s].[LengthStay], [s].[LocationBranch], [s].[MiddleName], [s].[Mobile1], [s].[Mobile2], [s].[SalesNonSales], [s].[SolId], [s].[StartDate], [s].[Surname], [s].[UnitCode]
      FROM [dbo].[Staff] AS [s]
      WHERE ((((((((((((((((((([s].[UnitCode] LIKE N'%ped%') OR ([s].[Country] LIKE N'%ped%')) OR ([s].[Surname] LIKE N'%ped%')) OR ([s].[FirstName] LIKE N'%ped%')) OR ([s].[MiddleName] LIKE N'%ped%')) OR ([s].[Email] LIKE N'%ped%')) OR ([s].[JobGrade] LIKE N'%ped%')) OR ([s].[GradeClassification] LIKE N'%ped%')) OR ([s].[JobRole] LIKE N'%ped%')) OR ([s].[SalesNonSales] LIKE N'%ped%')) OR ([s].[Department] LIKE N'%ped%')) OR ([s].[LocationBranch] LIKE N'%ped%')) OR ([s].[CountryWork] LIKE N'%ped%')) OR ([s].[CountryOrigin] LIKE N'%ped%')) OR ([s].[EmploymentDate] LIKE N'%ped%')) OR ([s].[LengthStay] LIKE N'%ped%')) OR ([s].[SolId] LIKE N'%ped%')) OR ([s].[Mobile1] LIKE N'%ped%')) OR ([s].[Mobile2] LIKE N'%ped%')) OR ([s].[Extension] LIKE N'%ped%')
      ORDER BY (SELECT 1)
      OFFSET @__p_0 ROWS FETCH NEXT @__p_1 ROWS ONLY
fail: Microsoft.EntityFrameworkCore.Query[10100]
      An exception occurred while iterating over the results of a query for context type 'Intranet.Data.KkkContext'.
      System.Data.SqlTypes.SqlNullValueException: Data is Null. This method or property cannot be called on Null values.
         at Microsoft.Data.SqlClient.SqlBuffer.ThrowIfNull()
         at Microsoft.Data.SqlClient.SqlBuffer.get_DateTime()
         at Microsoft.Data.SqlClient.SqlDataReader.GetDateTime(Int32 i)
         at lambda_method313(Closure , QueryContext , DbDataReader , ResultContext , SingleQueryResultCoordinator )
         at Microsoft.EntityFrameworkCore.Query.Internal.SingleQueryingEnumerable`1.Enumerator.MoveNext()
      System.Data.SqlTypes.SqlNullValueException: Data is Null. This method or property cannot be called on Null values.
         at Microsoft.Data.SqlClient.SqlBuffer.ThrowIfNull()
         at Microsoft.Data.SqlClient.SqlBuffer.get_DateTime()
         at Microsoft.Data.SqlClient.SqlDataReader.GetDateTime(Int32 i)
         at lambda_method313(Closure , QueryContext , DbDataReader , ResultContext , SingleQueryResultCoordinator )
         at Microsoft.EntityFrameworkCore.Query.Internal.SingleQueryingEnumerable`1.Enumerator.MoveNext()
warn: Microsoft.AspNetCore.Components.Server.Circuits.RemoteRenderer[100]
      Unhandled exception rendering component: Data is Null. This method or property cannot be called on Null values.
      System.Data.SqlTypes.SqlNullValueException: Data is Null. This method or property cannot be called on Null values.
         at Microsoft.Data.SqlClient.SqlBuffer.ThrowIfNull()
         at Microsoft.Data.SqlClient.SqlBuffer.get_DateTime()
         at Microsoft.Data.SqlClient.SqlDataReader.GetDateTime(Int32 i)
         at lambda_method313(Closure , QueryContext , DbDataReader , ResultContext , SingleQueryResultCoordinator )
         at Microsoft.EntityFrameworkCore.Query.Internal.SingleQueryingEnumerable`1.Enumerator.MoveNext()
         at System.Collections.Generic.List`1..ctor(IEnumerable`1 collection)
         at System.Linq.Enumerable.ToList[TSource](IEnumerable`1 source)
         at Radzen.PagedDataBoundComponent`1.get_PagedView()
         at Radzen.Blazor.RadzenDataGrid`1.DrawGroupOrDataRows(RenderTreeBuilder builder, IList`1 visibleColumns)
         at Radzen.Blazor.RadzenDataGrid`1.<>c__DisplayClass8_0.<DrawRows>b__0(RenderTreeBuilder builder)
         at Radzen.Blazor.RadzenDataGrid`1.BuildRenderTree(RenderTreeBuilder __builder)
         at Microsoft.AspNetCore.Compon