info: Microsoft.AspNetCore.DataProtection.KeyManagement.XmlKeyManager[63]
      User profile is available. Using 'C:\Users\Raimundo Jose\AppData\Local\ASP.NET\DataProtection-Keys' as key repository and Windows DPAPI to encrypt keys at rest.
info: Microsoft.Hosting.Lifetime[0]
      Application started. Press Ctrl+C to shut down.
info: Microsoft.Hosting.Lifetime[0]
      Hosting environment: Development
info: Microsoft.Hosting.Lifetime[0]
      Content root path: C:\Users\Raimundo Jose\Documents\ubaintranet\server
info: Microsoft.AspNetCore.Hosting.Diagnostics[1]
      Request starting HTTP/1.1 GET http://localhost:5000/ - -
warn: Microsoft.AspNetCore.HttpsPolicy.HttpsRedirectionMiddleware[3]
      Failed to determine the https port for redirect.
info: Microsoft.AspNetCore.Routing.EndpointMiddleware[0]
      Executing endpoint '/_Host'
info: Microsoft.AspNetCore.Mvc.RazorPages.Infrastructure.PageActionInvoker[3]
      Route matched with {page = "/_Host", action = "", controller = ""}. Executing page /_Host
info: Microsoft.AspNetCore.Mvc.RazorPages.Infrastructure.PageActionInvoker[107]
      Executing an implicit handler method - ModelState is Valid
info: Microsoft.AspNetCore.Mvc.RazorPages.Infrastructure.PageActionInvoker[109]
      Executed an implicit handler method, returned result Microsoft.AspNetCore.Mvc.RazorPages.PageResult.
info: Microsoft.AspNetCore.Mvc.RazorPages.Infrastructure.PageActionInvoker[4]
      Executed page /_Host in 169.9862ms
info: Microsoft.AspNetCore.Routing.EndpointMiddleware[1]
      Executed endpoint '/_Host'
info: Microsoft.AspNetCore.Hosting.Diagnostics[2]
      Request finished HTTP/1.1 GET http://localhost:5000/ - - - 200 - text/html;+charset=utf-8 301.8428ms
info: Microsoft.AspNetCore.Hosting.Diagnostics[1]
      Request starting HTTP/1.1 GET http://localhost:5000/assets/css/styles.css - -
info: Microsoft.AspNetCore.Hosting.Diagnostics[1]
      Request starting HTTP/1.1 GET http://localhost:5000/_framework/aspnetcore-browser-refresh.js - -
info: Microsoft.AspNetCore.Hosting.Diagnostics[1]
      Request starting HTTP/1.1 GET http://localhost:5000/_content/Radzen.Blazor/Radzen.Blazor.js - -
info: Microsoft.AspNetCore.Hosting.Diagnostics[1]
      Request starting HTTP/1.1 GET http://localhost:5000/_framework/blazor.server.js - -
info: Microsoft.AspNetCore.Hosting.Diagnostics[2]
      Request finished HTTP/1.1 GET http://localhost:5000/_framework/aspnetcore-browser-refresh.js - - - 200 11974 application/javascript;+charset=utf-8 24.9087ms
info: Microsoft.AspNetCore.StaticFiles.StaticFileMiddleware[6]
      The file /_framework/blazor.server.js was not modified
info: Microsoft.AspNetCore.StaticFiles.StaticFileMiddleware[6]
      The file /assets/css/styles.css was not modified
info: Microsoft.AspNetCore.StaticFiles.StaticFileMiddleware[6]
      The file /_content/Radzen.Blazor/Radzen.Blazor.js was not modified
info: Microsoft.AspNetCore.Hosting.Diagnostics[2]
      Request finished HTTP/1.1 GET http://localhost:5000/_content/Radzen.Blazor/Radzen.Blazor.js - - - 304 - application/javascript 40.7116ms
info: Microsoft.AspNetCore.Hosting.Diagnostics[2]
      Request finished HTTP/1.1 GET http://localhost:5000/assets/css/styles.css - - - 304 - text/css 45.7759ms
info: Microsoft.AspNetCore.Hosting.Diagnostics[2]
      Request finished HTTP/1.1 GET http://localhost:5000/_framework/blazor.server.js - - - 304 - application/javascript 34.3284ms
info: Microsoft.AspNetCore.Hosting.Diagnostics[1]
      Request starting HTTP/1.1 GET http://localhost:5000/assets/css/styles-generated.css - -
info: Microsoft.AspNetCore.StaticFiles.StaticFileMiddleware[6]
      The file /assets/css/styles-generated.css was not modified
info: Microsoft.AspNetCore.Hosting.Diagnostics[2]
      Request finished HTTP/1.1 GET http://localhost:5000/assets/css/styles-generated.css - - - 304 - text/css 5.4685ms
info: Microsoft.AspNetCore.Hosting.Diagnostics[1]
      Request starting HTTP/1.1 GET http://localhost:5000/_content/Radzen.Blazor/css/humanistic.css - -
info: Microsoft.AspNetCore.StaticFiles.StaticFileMiddleware[6]
      The file /_content/Radzen.Blazor/css/humanistic.css was not modified
info: Microsoft.AspNetCore.Hosting.Diagnostics[2]
      Request finished HTTP/1.1 GET http://localhost:5000/_content/Radzen.Blazor/css/humanistic.css - - - 304 - text/css 4.5719ms
info: Microsoft.AspNetCore.Hosting.Diagnostics[1]
      Request starting HTTP/1.1 GET http://localhost:5000/_content/Radzen.Blazor/fonts/SourceSansPro-Regular.woff - -
info: Microsoft.AspNetCore.Hosting.Diagnostics[1]
      Request starting HTTP/1.1 GET http://localhost:5000/_blazor/initializers - -
info: Microsoft.AspNetCore.StaticFiles.StaticFileMiddleware[6]
      The file /_content/Radzen.Blazor/fonts/SourceSansPro-Regular.woff was not modified
info: Microsoft.AspNetCore.Hosting.Diagnostics[2]
      Request finished HTTP/1.1 GET http://localhost:5000/_content/Radzen.Blazor/fonts/SourceSansPro-Regular.woff - - - 304 - application/font-woff 7.5729ms
info: Microsoft.AspNetCore.Routing.EndpointMiddleware[0]
      Executing endpoint 'Blazor initializers'
info: Microsoft.AspNetCore.Routing.EndpointMiddleware[1]
      Executed endpoint 'Blazor initializers'
info: Microsoft.AspNetCore.Hosting.Diagnostics[2]
      Request finished HTTP/1.1 GET http://localhost:5000/_blazor/initializers - - - 200 - application/json;+charset=utf-8 18.6379ms
info: Microsoft.AspNetCore.Hosting.Diagnostics[1]
      Request starting HTTP/1.1 POST http://localhost:5000/_blazor/negotiate?negotiateVersion=1 text/plain;charset=UTF-8 0
info: Microsoft.AspNetCore.Routing.EndpointMiddleware[0]
      Executing endpoint '/_blazor/negotiate'
info: Microsoft.AspNetCore.Routing.EndpointMiddleware[1]
      Executed endpoint '/_blazor/negotiate'
info: Microsoft.AspNetCore.Hosting.Diagnostics[2]
      Request finished HTTP/1.1 POST http://localhost:5000/_blazor/negotiate?negotiateVersion=1 text/plain;charset=UTF-8 0 - 200 316 application/json 22.0817ms
info: Microsoft.AspNetCore.Hosting.Diagnostics[1]
      Request starting HTTP/1.1 GET http://localhost:5000/_blazor?id=7tuW_kRT_T_73ih7M_zbhg - -
info: Microsoft.AspNetCore.Routing.EndpointMiddleware[0]
      Executing endpoint '/_blazor'
warn: Microsoft.EntityFrameworkCore.Model.Validation[10614]
      The foreign key {'DeptoId'} on entity type 'Department' targets itself. Consider removing it since it serves no purpose.
info: Microsoft.EntityFrameworkCore.Infrastructure[10403]
      Entity Framework Core 6.0.0 initialized 'KkkContext' using provider 'Microsoft.EntityFrameworkCore.SqlServer:6.0.0' with options: None
info: Microsoft.EntityFrameworkCore.Database.Command[20101]
      Executed DbCommand (20ms) [Parameters=[], CommandType='Text', CommandTimeout='30']
      SELECT [a].[AppId], [a].[Category], [a].[ClassLogo], [a].[Description], [a].[LastUpdate], [a].[Name], [a].[Ulr]
      FROM [dbo].[Apps] AS [a]
info: Microsoft.EntityFrameworkCore.Database.Command[20101]
      Executed DbCommand (2ms) [Parameters=[], CommandType='Text', CommandTimeout='30']
      SELECT [a].[AppId], [a].[Category], [a].[ClassLogo], [a].[Description], [a].[LastUpdate], [a].[Name], [a].[Ulr]
      FROM [dbo].[Apps] AS [a]
      WHERE [a].[Category] = N'Document'
info: Microsoft.AspNetCore.Hosting.Diagnostics[1]
      Request starting HTTP/1.1 GET http://localhost:5000/assets/UBA_logo.png - -
info: Microsoft.AspNetCore.Hosting.Diagnostics[1]
      Request starting HTTP/1.1 GET http://localhost:5000/images/depto2.png - -
info: Microsoft.AspNetCore.StaticFiles.StaticFileMiddleware[6]
      The file /assets/UBA_logo.png was not modified
info: Microsoft.AspNetCore.Hosting.Diagnostics[1]
      Request starting HTTP/1.1 GET http://localhost:5000/images/birthday.png - -
info: Microsoft.AspNetCore.Hosting.Diagnostics[1]
      Request starting HTTP/1.1 GET http://localhost:5000/images/file.png - -
info: Microsoft.AspNetCore.Hosting.Diagnostics[1]
      Request starting HTTP/1.1 GET http://localhost:5000/images/update1.png - -
info: Microsoft.AspNetCore.StaticFiles.StaticFileMiddleware[6]
      The file /images/depto2.png was not modified
info: Microsoft.AspNetCore.StaticFiles.StaticFileMiddleware[6]
      The file /images/file.png was not modified
info: Microsoft.AspNetCore.StaticFiles.StaticFileMiddleware[6]
      The file /images/birthday.png was not modified
info: Microsoft.AspNetCore.Hosting.Diagnostics[2]
      Request finished HTTP/1.1 GET http://localhost:5000/images/depto2.png - - - 304 - image/png 24.5023ms
info: Microsoft.AspNetCore.Hosting.Diagnostics[2]
      Request finished HTTP/1.1 GET http://localhost:5000/images/file.png - - - 304 - image/png 23.0364ms
info: Microsoft.AspNetCore.Hosting.Diagnostics[2]
      Request finished HTTP/1.1 GET http://localhost:5000/images/birthday.png - - - 304 - image/png 28.2269ms
info: Microsoft.AspNetCore.Hosting.Diagnostics[2]
      Request finished HTTP/1.1 GET http://localhost:5000/assets/UBA_logo.png - - - 304 - image/png 38.7602ms
info: Microsoft.AspNetCore.StaticFiles.StaticFileMiddleware[6]
      The file /images/update1.png was not modified
info: Microsoft.AspNetCore.Hosting.Diagnostics[2]
      Request finished HTTP/1.1 GET http://localhost:5000/images/update1.png - - - 304 - image/png 36.1408ms
info: Microsoft.AspNetCore.Hosting.Diagnostics[1]
      Request starting HTTP/1.1 GET http://localhost:5000/_content/Radzen.Blazor/fonts/SourceSansPro-Bold.woff - -
info: Microsoft.AspNetCore.Hosting.Diagnostics[1]
      Request starting HTTP/1.1 GET http://localhost:5000/_content/Radzen.Blazor/fonts/MaterialIcons-Regular.woff - -
info: Microsoft.AspNetCore.StaticFiles.StaticFileMiddleware[6]
      The file /_content/Radzen.Blazor/fonts/SourceSansPro-Bold.woff was not modified
info: Microsoft.AspNetCore.Hosting.Diagnostics[1]
      Request starting HTTP/1.1 GET http://localhost:5000/_content/Radzen.Blazor/fonts/SourceSansPro-Semibold.woff - -
info: Microsoft.AspNetCore.StaticFiles.StaticFileMiddleware[6]
      The file /_content/Radzen.Blazor/fonts/MaterialIcons-Regular.woff was not modified
info: Microsoft.AspNetCore.Hosting.Diagnostics[2]
      Request finished HTTP/1.1 GET http://localhost:5000/_content/Radzen.Blazor/fonts/SourceSansPro-Bold.woff - - - 304 - application/font-woff 16.3975ms
info: Microsoft.AspNetCore.StaticFiles.StaticFileMiddleware[6]
      The file /_content/Radzen.Blazor/fonts/SourceSansPro-Semibold.woff was not modified
info: Microsoft.AspNetCore.Hosting.Diagnostics[2]
      Request finished HTTP/1.1 GET http://localhost:5000/_content/Radzen.Blazor/fonts/MaterialIcons-Regular.woff - - - 304 - application/font-woff 15.7625ms
info: Microsoft.AspNetCore.Hosting.Diagnostics[2]
      Request finished HTTP/1.1 GET http://localhost:5000/_content/Radzen.Blazor/fonts/SourceSansPro-Semibold.woff - - - 304 - application/font-woff 19.5217ms
info: Microsoft.EntityFrameworkCore.Database.Command[20101]
      Executed DbCommand (4ms) [Parameters=[], CommandType='Text', CommandTimeout='30']
      SELECT COUNT(*)
      FROM [dbo].[Staff] AS [s]
warn: Microsoft.EntityFrameworkCore.Query[10102]
      The query uses a row limiting operator ('Skip'/'Take') without an 'OrderBy' operator. This may lead to unpredictable results. If the 'Distinct' operator is used after 'OrderBy', then make sure to use the 'OrderBy' operator after 'Distinct' as the ordering would otherwise get erased.
warn: Microsoft.EntityFrameworkCore.Query[10102]
      The query uses a row limiting operator ('Skip'/'Take') without an 'OrderBy' operator. This may lead to unpredictable results. If the 'Distinct' operator is used after 'OrderBy', then make sure to use the 'OrderBy' operator after 'Distinct' as the ordering would otherwise get erased.
info: Microsoft.EntityFrameworkCore.Database.Command[20101]
      Executed DbCommand (27ms) [Parameters=[@__p_0='?' (DbType = Int32), @__p_1='?' (DbType = Int32)], CommandType='Text', CommandTimeout='30']
      SELECT [s].[StaffId], [s].[Age], [s].[Country], [s].[CountryOrigin], [s].[CountryWork], [s].[CurrentYear], [s].[DateBirth], [s].[DateLastPromotion], [s].[Department], [s].[Email], [s].[EmploymentDate], [s].[Extension], [s].[FirstName], [s].[GradeClassification], [s].[JobGrade], [s].[JobRole], [s].[LengthStay], [s].[LocationBranch], [s].[MiddleName], [s].[Mobile1], [s].[Mobile2], [s].[SalesNonSales], [s].[SolId], [s].[StartDate], [s].[Surname], [s].[UnitCode]
      FROM [dbo].[Staff] AS [s]
      ORDER BY (SELECT 1)
      OFFSET @__p_0 ROWS FETCH NEXT @__p_1 ROWS ONLY
info: Microsoft.AspNetCore.Hosting.Diagnostics[1]
      Request starting HTTP/1.1 GET http://localhost:5000/images/MsTeams.png - -
info: Microsoft.AspNetCore.Hosting.Diagnostics[1]
      Request starting HTTP/1.1 GET http://localhost:5000/images/MsOutlook02.png - -
info: Microsoft.AspNetCore.Hosting.Diagnostics[1]
      Request starting HTTP/1.1 GET http://localhost:5000/images/MsPhone1.png - -
info: Microsoft.AspNetCore.StaticFiles.StaticFileMiddleware[6]
      The file /images/MsOutlook02.png was not modified
info: Microsoft.AspNetCore.StaticFiles.StaticFileMiddleware[6]
      The file /images/MsPhone1.png was not modified
info: Microsoft.AspNetCore.Hosting.Diagnostics[2]
      Request finished HTTP/1.1 GET http://localhost:5000/images/MsOutlook02.png - - - 304 - image/png 8.1504ms
info: Microsoft.AspNetCore.StaticFiles.StaticFileMiddleware[6]
      The file /images/MsTeams.png was not modified
info: Microsoft.AspNetCore.Hosting.Diagnostics[2]
      Request finished HTTP/1.1 GET http://localhost:5000/images/MsPhone1.png - - - 304 - image/png 12.3753ms
info: Microsoft.AspNetCore.Hosting.Diagnostics[2]
      Request finished HTTP/1.1 GET http://localhost:5000/images/MsTeams.png - - - 304 - image/png 19.4720ms
info: Microsoft.EntityFrameworkCore.Database.Command[20101]
      Executed DbCommand (0ms) [Parameters=[], CommandType='Text', CommandTimeout='30']
      SELECT COUNT(*)
      FROM [dbo].[Staff] AS [s]
warn: Microsoft.EntityFrameworkCore.Query[10102]
      The query uses a row limiting operator ('Skip'/'Take') without an 'OrderBy' operator. This may lead to unpredictable results. If the 'Distinct' operator is used after 'OrderBy', then make sure to use the 'OrderBy' operator after 'Distinct' as the ordering would otherwise get erased.
warn: Microsoft.EntityFrameworkCore.Query[10102]
      The query uses a row limiting operator ('Skip'/'Take') without an 'OrderBy' operator. This may lead to unpredictable results. If the 'Distinct' operator is used after 'OrderBy', then make sure to use the 'OrderBy' operator after 'Distinct' as the ordering would otherwise get erased.
info: Microsoft.EntityFrameworkCore.Database.Command[20101]
      Executed DbCommand (0ms) [Parameters=[@__p_0='?' (DbType = Int32), @__p_1='?' (DbType = Int32)], CommandType='Text', CommandTimeout='30']
      SELECT [s].[StaffId], [s].[Age], [s].[Country], [s].[CountryOrigin], [s].[CountryWork], [s].[CurrentYear], [s].[DateBirth], [s].[DateLastPromotion], [s].[Department], [s].[Email], [s].[EmploymentDate], [s].[Extension], [s].[FirstName], [s].[GradeClassification], [s].[JobGrade], [s].[JobRole], [s].[LengthStay], [s].[LocationBranch], [s].[MiddleName], [s].[Mobile1], [s].[Mobile2], [s].[SalesNonSales], [s].[SolId], [s].[StartDate], [s].[Surname], [s].[UnitCode]
      FROM [dbo].[Staff] AS [s]
      ORDER BY (SELECT 1)
      OFFSET @__p_0 ROWS FETCH NEXT @__p_1 ROWS ONLY
info: Microsoft.EntityFrameworkCore.Database.Command[20101]
      Executed DbCommand (5ms) [Parameters=[], CommandType='Text', CommandTimeout='30']
      SELECT COUNT(*)
      FROM [dbo].[Staff] AS [s]
      WHERE ((((((((((((((((((([s].[UnitCode] LIKE N'%a%') OR ([s].[Country] LIKE N'%a%')) OR ([s].[Surname] LIKE N'%a%')) OR ([s].[FirstName] LIKE N'%a%')) OR ([s].[MiddleName] LIKE N'%a%')) OR ([s].[Email] LIKE N'%a%')) OR ([s].[JobGrade] LIKE N'%a%')) OR ([s].[GradeClassification] LIKE N'%a%')) OR ([s].[JobRole] LIKE N'%a%')) OR ([s].[SalesNonSales] LIKE N'%a%')) OR ([s].[Department] LIKE N'%a%')) OR ([s].[LocationBranch] LIKE N'%a%')) OR ([s].[CountryWork] LIKE N'%a%')) OR ([s].[CountryOrigin] LIKE N'%a%')) OR ([s].[EmploymentDate] LIKE N'%a%')) OR ([s].[LengthStay] LIKE N'%a%')) OR ([s].[SolId] LIKE N'%a%')) OR ([s].[Mobile1] LIKE N'%a%')) OR ([s].[Mobile2] LIKE N'%a%')) OR ([s].[Extension] LIKE N'%a%')
warn: Microsoft.EntityFrameworkCore.Query[10102]
      The query uses a row limiting operator ('Skip'/'Take') without an 'OrderBy' operator. This may lead to unpredictable results. If the 'Distinct' operator is used after 'OrderBy', then make sure to use the 'OrderBy' operator after 'Distinct' as the ordering would otherwise get erased.
warn: Microsoft.EntityFrameworkCore.Query[10102]
      The query uses a row limiting operator ('Skip'/'Take') without an 'OrderBy' operator. This may lead to unpredictable results. If the 'Distinct' operator is used after 'OrderBy', then make sure to use the 'OrderBy' operator after 'Distinct' as the ordering would otherwise get erased.
info: Microsoft.EntityFrameworkCore.Database.Command[20101]
      Executed DbCommand (4ms) [Parameters=[@__p_0='?' (DbType = Int32), @__p_1='?' (DbType = Int32)], CommandType='Text', CommandTimeout='30']
      SELECT [s].[StaffId], [s].[Age], [s].[Country], [s].[CountryOrigin], [s].[CountryWork], [s].[CurrentYear], [s].[DateBirth], [s].[DateLastPromotion], [s].[Department], [s].[Email], [s].[EmploymentDate], [s].[Extension], [s].[FirstName], [s].[GradeClassification], [s].[JobGrade], [s].[JobRole], [s].[LengthStay], [s].[LocationBranch], [s].[MiddleName], [s].[Mobile1], [s].[Mobile2], [s].[SalesNonSales], [s].[SolId], [s].[StartDate], [s].[Surname], [s].[UnitCode]
      FROM [dbo].[Staff] AS [s]
      WHERE ((((((((((((((((((([s].[UnitCode] LIKE N'%a%') OR ([s].[Country] LIKE N'%a%')) OR ([s].[Surname] LIKE N'%a%')) OR ([s].[FirstName] LIKE N'%a%')) OR ([s].[MiddleName] LIKE N'%a%')) OR ([s].[Email] LIKE N'%a%')) OR ([s].[JobGrade] LIKE N'%a%')) OR ([s].[GradeClassification] LIKE N'%a%')) OR ([s].[JobRole] LIKE N'%a%')) OR ([s].[SalesNonSales] LIKE N'%a%')) OR ([s].[Department] LIKE N'%a%')) OR ([s].[LocationBranch] LIKE N'%a%')) OR ([s].[CountryWork] LIKE N'%a%')) OR ([s].[CountryOrigin] LIKE N'%a%')) OR ([s].[EmploymentDate] LIKE N'%a%')) OR ([s].[LengthStay] LIKE N'%a%')) OR ([s].[SolId] LIKE N'%a%')) OR ([s].[Mobile1] LIKE N'%a%')) OR ([s].[Mobile2] LIKE N'%a%')) OR ([s].[Extension] LIKE N'%a%')
      ORDER BY (SELECT 1)
      OFFSET @__p_0 ROWS FETCH NEXT @__p_1 ROWS ONLY
info: Microsoft.EntityFrameworkCore.Database.Command[20101]
      Executed DbCommand (8ms) [Parameters=[], CommandType='Text', CommandTimeout='30']
      SELECT COUNT(*)
      FROM [dbo].[Staff] AS [s]
      WHERE ((((((((((((((((((([s].[UnitCode] LIKE N'%ap%') OR ([s].[Country] LIKE N'%ap%')) OR ([s].[Surname] LIKE N'%ap%')) OR ([s].[FirstName] LIKE N'%ap%')) OR ([s].[MiddleName] LIKE N'%ap%')) OR ([s].[Email] LIKE N'%ap%')) OR ([s].[JobGrade] LIKE N'%ap%')) OR ([s].[GradeClassification] LIKE N'%ap%')) OR ([s].[JobRole] LIKE N'%ap%')) OR ([s].[SalesNonSales] LIKE N'%ap%')) OR ([s].[Department] LIKE N'%ap%')) OR ([s].[LocationBranch] LIKE N'%ap%')) OR ([s].[CountryWork] LIKE N'%ap%')) OR ([s].[CountryOrigin] LIKE N'%ap%')) OR ([s].[EmploymentDate] LIKE N'%ap%')) OR ([s].[LengthStay] LIKE N'%ap%')) OR ([s].[SolId] LIKE N'%ap%')) OR ([s].[Mobile1] LIKE N'%ap%')) OR ([s].[Mobile2] LIKE N'%ap%')) OR ([s].[Extension] LIKE N'%ap%')
warn: Microsoft.EntityFrameworkCore.Query[10102]
      The query uses a row limiting operator ('Skip'/'Take') without an 'OrderBy' operator. This may lead to unpredictable results. If the 'Distinct' operator is used after 'OrderBy', then make sure to use the 'OrderBy' operator after 'Distinct' as the ordering would otherwise get erased.
warn: Microsoft.EntityFrameworkCore.Query[10102]
      The query uses a row limiting operator ('Skip'/'Take') without an 'OrderBy' operator. This may lead to unpredictable results. If the 'Distinct' operator is used after 'OrderBy', then make sure to use the 'OrderBy' operator after 'Distinct' as the ordering would otherwise get erased.
info: Microsoft.EntityFrameworkCore.Database.Command[20101]
      Executed DbCommand (7ms) [Parameters=[@__p_0='?' (DbType = Int32), @__p_1='?' (DbType = Int32)], CommandType='Text', CommandTimeout='30']
      SELECT [s].[StaffId], [s].[Age], [s].[Country], [s].[CountryOrigin], [s].[CountryWork], [s].[CurrentYear], [s].[DateBirth], [s].[DateLastPromotion], [s].[Department], [s].[Email], [s].[EmploymentDate], [s].[Extension], [s].[FirstName], [s].[GradeClassification], [s].[JobGrade], [s].[JobRole], [s].[LengthStay], [s].[LocationBranch], [s].[MiddleName], [s].[Mobile1], [s].[Mobile2], [s].[SalesNonSales], [s].[SolId], [s].[StartDate], [s].[Surname], [s].[UnitCode]
      FROM [dbo].[Staff] AS [s]
      WHERE ((((((((((((((((((([s].[UnitCode] LIKE N'%ap%') OR ([s].[Country] LIKE N'%ap%')) OR ([s].[Surname] LIKE N'%ap%')) OR ([s].[FirstName] LIKE N'%ap%')) OR ([s].[MiddleName] LIKE N'%ap%')) OR ([s].[Email] LIKE N'%ap%')) OR ([s].[JobGrade] LIKE N'%ap%')) OR ([s].[GradeClassification] LIKE N'%ap%')) OR ([s].[JobRole] LIKE N'%ap%')) OR ([s].[SalesNonSales] LIKE N'%ap%')) OR ([s].[Department] LIKE N'%ap%')) OR ([s].[LocationBranch] LIKE N'%ap%')) OR ([s].[CountryWork] LIKE N'%ap%')) OR ([s].[CountryOrigin] LIKE N'%ap%')) OR ([s].[EmploymentDate] LIKE N'%ap%')) OR ([s].[LengthStay] LIKE N'%ap%')) OR ([s].[SolId] LIKE N'%ap%')) OR ([s].[Mobile1] LIKE N'%ap%')) OR ([s].[Mobile2] LIKE N'%ap%')) OR ([s].[Extension] LIKE N'%ap%')
      ORDER BY (SELECT 1)
      OFFSET @__p_0 ROWS FETCH NEXT @__p_1 ROWS ONLY
info: Microsoft.EntityFrameworkCore.Database.Command[20101]
      Executed DbCommand (9ms) [Parameters=[], CommandType='Text', CommandTimeout='30']
      SELECT COUNT(*)
      FROM [dbo].[Staff] AS [s]
      WHERE ((((((((((((((((((([s].[UnitCode] LIKE N'%app%') OR ([s].[Country] LIKE N'%app%')) OR ([s].[Surname] LIKE N'%app%')) OR ([s].[FirstName] LIKE N'%app%')) OR ([s].[MiddleName] LIKE N'%app%')) OR ([s].[Email] LIKE N'%app%')) OR ([s].[JobGrade] LIKE N'%app%')) OR ([s].[GradeClassification] LIKE N'%app%')) OR ([s].[JobRole] LIKE N'%app%')) OR ([s].[SalesNonSales] LIKE N'%app%')) OR ([s].[Department] LIKE N'%app%')) OR ([s].[LocationBranch] LIKE N'%app%')) OR ([s].[CountryWork] LIKE N'%app%')) OR ([s].[CountryOrigin] LIKE N'%app%')) OR ([s].[EmploymentDate] LIKE N'%app%')) OR ([s].[LengthStay] LIKE N'%app%')) OR ([s].[SolId] LIKE N'%app%')) OR ([s].[Mobile1] LIKE N'%app%')) OR ([s].[Mobile2] LIKE N'%app%')) OR ([s].[Extension] LIKE N'%app%')
warn: Microsoft.EntityFrameworkCore.Query[10102]
      The query uses a row limiting operator ('Skip'/'Take') without an 'OrderBy' operator. This may lead to unpredictable results. If the 'Distinct' operator is used after 'OrderBy', then make sure to use the 'OrderBy' operator after 'Distinct' as the ordering would otherwise get erased.
warn: Microsoft.EntityFrameworkCore.Query[10102]
      The query uses a row limiting operator ('Skip'/'Take') without an 'OrderBy' operator. This may lead to unpredictable results. If the 'Distinct' operator is used after 'OrderBy', then make sure to use the 'OrderBy' operator after 'Distinct' as the ordering would otherwise get erased.
info: Microsoft.EntityFrameworkCore.Database.Command[20101]
      Executed DbCommand (6ms) [Parameters=[@__p_0='?' (DbType = Int32), @__p_1='?' (DbType = Int32)], CommandType='Text', CommandTimeout='30']
      SELECT [s].[StaffId], [s].[Age], [s].[Country], [s].[CountryOrigin], [s].[CountryWork], [s].[CurrentYear], [s].[DateBirth], [s].[DateLastPromotion], [s].[Department], [s].[Email], [s].[EmploymentDate], [s].[Extension], [s].[FirstName], [s].[GradeClassification], [s].[JobGrade], [s].[JobRole], [s].[LengthStay], [s].[LocationBranch], [s].[MiddleName], [s].[Mobile1], [s].[Mobile2], [s].[SalesNonSales], [s].[SolId], [s].[StartDate], [s].[Surname], [s].[UnitCode]
      FROM [dbo].[Staff] AS [s]
      WHERE ((((((((((((((((((([s].[UnitCode] LIKE N'%app%') OR ([s].[Country] LIKE N'%app%')) OR ([s].[Surname] LIKE N'%app%')) OR ([s].[FirstName] LIKE N'%app%')) OR ([s].[MiddleName] LIKE N'%app%')) OR ([s].[Email] LIKE N'%app%')) OR ([s].[JobGrade] LIKE N'%app%')) OR ([s].[GradeClassification] LIKE N'%app%')) OR ([s].[JobRole] LIKE N'%app%')) OR ([s].[SalesNonSales] LIKE N'%app%')) OR ([s].[Department] LIKE N'%app%')) OR ([s].[LocationBranch] LIKE N'%app%')) OR ([s].[CountryWork] LIKE N'%app%')) OR ([s].[CountryOrigin] LIKE N'%app%')) OR ([s].[EmploymentDate] LIKE N'%app%')) OR ([s].[LengthStay] LIKE N'%app%')) OR ([s].[SolId] LIKE N'%app%')) OR ([s].[Mobile1] LIKE N'%app%')) OR ([s].[Mobile2] LIKE N'%app%')) OR ([s].[Extension] LIKE N'%app%')
      ORDER BY (SELECT 1)
      OFFSET @__p_0 ROWS FETCH NEXT @__p_1 ROWS ONLY
info: Microsoft.EntityFrameworkCore.Database.Command[20101]
      Executed DbCommand (2ms) [Parameters=[], CommandType='Text', CommandTimeout='30']
      SELECT COUNT(*)
      FROM [dbo].[Staff] AS [s]
      WHERE ((((((((((((((((((([s].[UnitCode] LIKE N'%ap%') OR ([s].[Country] LIKE N'%ap%')) OR ([s].[Surname] LIKE N'%ap%')) OR ([s].[FirstName] LIKE N'%ap%')) OR ([s].[MiddleName] LIKE N'%ap%')) OR ([s].[Email] LIKE N'%ap%')) OR ([s].[JobGrade] LIKE N'%ap%')) OR ([s].[GradeClassification] LIKE N'%ap%')) OR ([s].[JobRole] LIKE N'%ap%')) OR ([s].[SalesNonSales] LIKE N'%ap%')) OR ([s].[Department] LIKE N'%ap%')) OR ([s].[LocationBranch] LIKE N'%ap%')) OR ([s].[CountryWork] LIKE N'%ap%')) OR ([s].[CountryOrigin] LIKE N'%ap%')) OR ([s].[EmploymentDate] LIKE N'%ap%')) OR ([s].[LengthStay] LIKE N'%ap%')) OR ([s].[SolId] LIKE N'%ap%')) OR ([s].[Mobile1] LIKE N'%ap%')) OR ([s].[Mobile2] LIKE N'%ap%')) OR ([s].[Extension] LIKE N'%ap%')
info: Microsoft.EntityFrameworkCore.Database.Command[20101]
      Executed DbCommand (1ms) [Parameters=[@__p_0='?' (DbType = Int32), @__p_1='?' (DbType = Int32)], CommandType='Text', CommandTimeout='30']
      SELECT [s].[StaffId], [s].[Age], [s].[Country], [s].[CountryOrigin], [s].[CountryWork], [s].[CurrentYear], [s].[DateBirth], [s].[DateLastPromotion], [s].[Department], [s].[Email], [s].[EmploymentDate], [s].[Extension], [s].[FirstName], [s].[GradeClassification], [s].[JobGrade], [s].[JobRole], [s].[LengthStay], [s].[LocationBranch], [s].[MiddleName], [s].[Mobile1], [s].[Mobile2], [s].[SalesNonSales], [s].[SolId], [s].[StartDate], [s].[Surname], [s].[UnitCode]
      FROM [dbo].[Staff] AS [s]
      WHERE ((((((((((((((((((([s].[UnitCode] LIKE N'%ap%') OR ([s].[Country] LIKE N'%ap%')) OR ([s].[Surname] LIKE N'%ap%')) OR ([s].[FirstName] LIKE N'%ap%')) OR ([s].[MiddleName] LIKE N'%ap%')) OR ([s].[Email] LIKE N'%ap%')) OR ([s].[JobGrade] LIKE N'%ap%')) OR ([s].[GradeClassification] LIKE N'%ap%')) OR ([s].[JobRole] LIKE N'%ap%')) OR ([s].[SalesNonSales] LIKE N'%ap%')) OR ([s].[Department] LIKE N'%ap%')) OR ([s].[LocationBranch] LIKE N'%ap%')) OR ([s].[CountryWork] LIKE N'%ap%')) OR ([s].[CountryOrigin] LIKE N'%ap%')) OR ([s].[EmploymentDate] LIKE N'%ap%')) OR ([s].[LengthStay] LIKE N'%ap%')) OR ([s].[SolId] LIKE N'%ap%')) OR ([s].[Mobile1] LIKE N'%ap%')) OR ([s].[Mobile2] LIKE N'%ap%')) OR ([s].[Extension] LIKE N'%ap%')
      ORDER BY (SELECT 1)
      OFFSET @__p_0 ROWS FETCH NEXT @__p_1 ROWS ONLY
info: Microsoft.EntityFrameworkCore.Database.Command[20101]
      Executed DbCommand (1ms) [Parameters=[], CommandType='Text', CommandTimeout='30']
      SELECT COUNT(*)
      FROM [dbo].[Staff] AS [s]
      WHERE ((((((((((((((((((([s].[UnitCode] LIKE N'%a%') OR ([s].[Country] LIKE N'%a%')) OR ([s].[Surname] LIKE N'%a%')) OR ([s].[FirstName] LIKE N'%a%')) OR ([s].[MiddleName] LIKE N'%a%')) OR ([s].[Email] LIKE N'%a%')) OR ([s].[JobGrade] LIKE N'%a%')) OR ([s].[GradeClassification] LIKE N'%a%')) OR ([s].[JobRole] LIKE N'%a%')) OR ([s].[SalesNonSales] LIKE N'%a%')) OR ([s].[Department] LIKE N'%a%')) OR ([s].[LocationBranch] LIKE N'%a%')) OR ([s].[CountryWork] LIKE N'%a%')) OR ([s].[CountryOrigin] LIKE N'%a%')) OR ([s].[EmploymentDate] LIKE N'%a%')) OR ([s].[LengthStay] LIKE N'%a%')) OR ([s].[SolId] LIKE N'%a%')) OR ([s].[Mobile1] LIKE N'%a%')) OR ([s].[Mobile2] LIKE N'%a%')) OR ([s].[Extension] LIKE N'%a%')
info: Microsoft.EntityFrameworkCore.Database.Command[20101]
      Executed DbCommand (1ms) [Parameters=[@__p_0='?' (DbType = Int32), @__p_1='?' (DbType = Int32)], CommandType='Text', CommandTimeout='30']
      SELECT [s].[StaffId], [s].[Age], [s].[Country], [s].[CountryOrigin], [s].[CountryWork], [s].[CurrentYear], [s].[DateBirth], [s].[DateLastPromotion], [s].[Department], [s].[Email], [s].[EmploymentDate], [s].[Extension], [s].[FirstName], [s].[GradeClassification], [s].[JobGrade], [s].[JobRole], [s].[LengthStay], [s].[LocationBranch], [s].[MiddleName], [s].[Mobile1], [s].[Mobile2], [s].[SalesNonSales], [s].[SolId], [s].[StartDate], [s].[Surname], [s].[UnitCode]
      FROM [dbo].[Staff] AS [s]
      WHERE ((((((((((((((((((([s].[UnitCode] LIKE N'%a%') OR ([s].[Country] LIKE N'%a%')) OR ([s].[Surname] LIKE N'%a%')) OR ([s].[FirstName] LIKE N'%a%')) OR ([s].[MiddleName] LIKE N'%a%')) OR ([s].[Email] LIKE N'%a%')) OR ([s].[JobGrade] LIKE N'%a%')) OR ([s].[GradeClassification] LIKE N'%a%')) OR ([s].[JobRole] LIKE N'%a%')) OR ([s].[SalesNonSales] LIKE N'%a%')) OR ([s].[Department] LIKE N'%a%')) OR ([s].[LocationBranch] LIKE N'%a%')) OR ([s].[CountryWork] LIKE N'%a%')) OR ([s].[CountryOrigin] LIKE N'%a%')) OR ([s].[EmploymentDate] LIKE N'%a%')) OR ([s].[LengthStay] LIKE N'%a%')) OR ([s].[SolId] LIKE N'%a%')) OR ([s].[Mobile1] LIKE N'%a%')) OR ([s].[Mobile2] LIKE N'%a%')) OR ([s].[Extension] LIKE N'%a%')
      ORDER BY (SELECT 1)
      OFFSET @__p_0 ROWS FETCH NEXT @__p_1 ROWS ONLY
info: Microsoft.EntityFrameworkCore.Database.Command[20101]
      Executed DbCommand (0ms) [Parameters=[], CommandType='Text', CommandTimeout='30']
      SELECT COUNT(*)
      FROM [dbo].[Staff] AS [s]
info: Microsoft.EntityFrameworkCore.Database.Command[20101]
      Executed DbCommand (0ms) [Parameters=[@__p_0='?' (DbType = Int32), @__p_1='?' (DbType = Int32)], CommandType='Text', CommandTimeout='30']
      SELECT [s].[StaffId], [s].[Age], [s].[Country], [s].[CountryOrigin], [s].[CountryWork], [s].[CurrentYear], [s].[DateBirth], [s].[DateLastPromotion], [s].[Department], [s].[Email], [s].[EmploymentDate], [s].[Extension], [s].[FirstName], [s].[GradeClassification], [s].[JobGrade], [s].[JobRole], [s].[LengthStay], [s].[LocationBranch], [s].[MiddleName], [s].[Mobile1], [s].[Mobile2], [s].[SalesNonSales], [s].[SolId], [s].[StartDate], [s].[Surname], [s].[UnitCode]
      FROM [dbo].[Staff] AS [s]
      ORDER BY (SELECT 1)
      OFFSET @__p_0 ROWS FETCH NEXT @__p_1 ROWS ONLY
info: Microsoft.EntityFrameworkCore.Database.Command[20101]
      Executed DbCommand (4ms) [Parameters=[], CommandType='Text', CommandTimeout='30']
      SELECT COUNT(*)
      FROM [dbo].[Staff] AS [s]
      WHERE ((((((((((((((((((([s].[UnitCode] LIKE N'%p%') OR ([s].[Country] LIKE N'%p%')) OR ([s].[Surname] LIKE N'%p%')) OR ([s].[FirstName] LIKE N'%p%')) OR ([s].[MiddleName] LIKE N'%p%')) OR ([s].[Email] LIKE N'%p%')) OR ([s].[JobGrade] LIKE N'%p%')) OR ([s].[GradeClassification] LIKE N'%p%')) OR ([s].[JobRole] LIKE N'%p%')) OR ([s].[SalesNonSales] LIKE N'%p%')) OR ([s].[Department] LIKE N'%p%')) OR ([s].[LocationBranch] LIKE N'%p%')) OR ([s].[CountryWork] LIKE N'%p%')) OR ([s].[CountryOrigin] LIKE N'%p%')) OR ([s].[EmploymentDate] LIKE N'%p%')) OR ([s].[LengthStay] LIKE N'%p%')) OR ([s].[SolId] LIKE N'%p%')) OR ([s].[Mobile1] LIKE N'%p%')) OR ([s].[Mobile2] LIKE N'%p%')) OR ([s].[Extension] LIKE N'%p%')
warn: Microsoft.EntityFrameworkCore.Query[10102]
      The query uses a row limiting operator ('Skip'/'Take') without an 'OrderBy' operator. This may lead to unpredictable results. If the 'Distinct' operator is used after 'OrderBy', then make sure to use the 'OrderBy' operator after 'Distinct' as the ordering would otherwise get erased.
warn: Microsoft.EntityFrameworkCore.Query[10102]
      The query uses a row limiting operator ('Skip'/'Take') without an 'OrderBy' operator. This may lead to unpredictable results. If the 'Distinct' operator is used after 'OrderBy', then make sure to use the 'OrderBy' operator after 'Distinct' as the ordering would otherwise get erased.
info: Microsoft.EntityFrameworkCore.Database.Command[20101]
      Executed DbCommand (3ms) [Parameters=[@__p_0='?' (DbType = Int32), @__p_1='?' (DbType = Int32)], CommandType='Text', CommandTimeout='30']
      SELECT [s].[StaffId], [s].[Age], [s].[Country], [s].[CountryOrigin], [s].[CountryWork], [s].[CurrentYear], [s].[DateBirth], [s].[DateLastPromotion], [s].[Department], [s].[Email], [s].[EmploymentDate], [s].[Extension], [s].[FirstName], [s].[GradeClassification], [s].[JobGrade], [s].[JobRole], [s].[LengthStay], [s].[LocationBranch], [s].[MiddleName], [s].[Mobile1], [s].[Mobile2], [s].[SalesNonSales], [s].[SolId], [s].[StartDate], [s].[Surname], [s].[UnitCode]
      FROM [dbo].[Staff] AS [s]
      WHERE ((((((((((((((((((([s].[UnitCode] LIKE N'%p%') OR ([s].[Country] LIKE N'%p%')) OR ([s].[Surname] LIKE N'%p%')) OR ([s].[FirstName] LIKE N'%p%')) OR ([s].[MiddleName] LIKE N'%p%')) OR ([s].[Email] LIKE N'%p%')) OR ([s].[JobGrade] LIKE N'%p%')) OR ([s].[GradeClassification] LIKE N'%p%')) OR ([s].[JobRole] LIKE N'%p%')) OR ([s].[SalesNonSales] LIKE N'%p%')) OR ([s].[Department] LIKE N'%p%')) OR ([s].[LocationBranch] LIKE N'%p%')) OR ([s].[CountryWork] LIKE N'%p%')) OR ([s].[CountryOrigin] LIKE N'%p%')) OR ([s].[EmploymentDate] LIKE N'%p%')) OR ([s].[LengthStay] LIKE N'%p%')) OR ([s].[SolId] LIKE N'%p%')) OR ([s].[Mobile1] LIKE N'%p%')) OR ([s].[Mobile2] LIKE N'%p%')) OR ([s].[Extension] LIKE N'%p%')
      ORDER BY (SELECT 1)
      OFFSET @__p_0 ROWS FETCH NEXT @__p_1 ROWS ONLY
info: Microsoft.EntityFrameworkCore.Database.Command[20101]
      Executed DbCommand (6ms) [Parameters=[], CommandType='Text', CommandTimeout='30']
      SELECT COUNT(*)
      FROM [dbo].[Staff] AS [s]
      WHERE ((((((((((((((((((([s].[UnitCode] LIKE N'%pe%') OR ([s].[Country] LIKE N'%pe%')) OR ([s].[Surname] LIKE N'%pe%')) OR ([s].[FirstName] LIKE N'%pe%')) OR ([s].[MiddleName] LIKE N'%pe%')) OR ([s].[Email] LIKE N'%pe%')) OR ([s].[JobGrade] LIKE N'%pe%')) OR ([s].[GradeClassification] LIKE N'%pe%')) OR ([s].[JobRole] LIKE N'%pe%')) OR ([s].[SalesNonSales] LIKE N'%pe%')) OR ([s].[Department] LIKE N'%pe%')) OR ([s].[LocationBranch] LIKE N'%pe%')) OR ([s].[CountryWork] LIKE N'%pe%')) OR ([s].[CountryOrigin] LIKE N'%pe%')) OR ([s].[EmploymentDate] LIKE N'%pe%')) OR ([s].[LengthStay] LIKE N'%pe%')) OR ([s].[SolId] LIKE N'%pe%')) OR ([s].[Mobile1] LIKE N'%pe%')) OR ([s].[Mobile2] LIKE N'%pe%')) OR ([s].[Extension] LIKE N'%pe%')
warn: Microsoft.EntityFrameworkCore.Query[10102]
      The query uses a row limiting operator ('Skip'/'Take') without an 'OrderBy' operator. This may lead to unpredictable results. If the 'Distinct' operator is used after 'OrderBy', then make sure to use the 'OrderBy' operator after 'Distinct' as the ordering would otherwise get erased.
warn: Microsoft.EntityFrameworkCore.Query[10102]
      The query uses a row limiting operator ('Skip'/'Take') without an 'OrderBy' operator. This may lead to unpredictable results. If the 'Distinct' operator is used after 'OrderBy', then make sure to use the 'OrderBy' operator after 'Distinct' as the ordering would otherwise get erased.
info: Microsoft.EntityFrameworkCore.Database.Command[20101]
      Executed DbCommand (4ms) [Parameters=[@__p_0='?' (DbType = Int32), @__p_1='?' (DbType = Int32)], CommandType='Text', CommandTimeout='30']
      SELECT [s].[StaffId], [s].[Age], [s].[Country], [s].[CountryOrigin], [s].[CountryWork], [s].[CurrentYear], [s].[DateBirth], [s].[DateLastPromotion], [s].[Department], [s].[Email], [s].[EmploymentDate], [s].[Extension], [s].[FirstName], [s].[GradeClassification], [s].[JobGrade], [s].[JobRole], [s].[LengthStay], [s].[LocationBranch], [s].[MiddleName], [s].[Mobile1], [s].[Mobile2], [s].[SalesNonSales], [s].[SolId], [s].[StartDate], [s].[Surname], [s].[UnitCode]
      FROM [dbo].[Staff] AS [s]
      WHERE ((((((((((((((((((([s].[UnitCode] LIKE N'%pe%') OR ([s].[Country] LIKE N'%pe%')) OR ([s].[Surname] LIKE N'%pe%')) OR ([s].[FirstName] LIKE N'%pe%')) OR ([s].[MiddleName] LIKE N'%pe%')) OR ([s].[Email] LIKE N'%pe%')) OR ([s].[JobGrade] LIKE N'%pe%')) OR ([s].[GradeClassification] LIKE N'%pe%')) OR ([s].[JobRole] LIKE N'%pe%')) OR ([s].[SalesNonSales] LIKE N'%pe%')) OR ([s].[Department] LIKE N'%pe%')) OR ([s].[LocationBranch] LIKE N'%pe%')) OR ([s].[CountryWork] LIKE N'%pe%')) OR ([s].[CountryOrigin] LIKE N'%pe%')) OR ([s].[EmploymentDate] LIKE N'%pe%')) OR ([s].[LengthStay] LIKE N'%pe%')) OR ([s].[SolId] LIKE N'%pe%')) OR ([s].[Mobile1] LIKE N'%pe%')) OR ([s].[Mobile2] LIKE N'%pe%')) OR ([s].[Extension] LIKE N'%pe%')
      ORDER BY (SELECT 1)
      OFFSET @__p_0 ROWS FETCH NEXT @__p_1 ROWS ONLY
info: Microsoft.EntityFrameworkCore.Database.Command[20101]
      Executed DbCommand (7ms) [Parameters=[], CommandType='Text', CommandTimeout='30']
      SELECT COUNT(*)
      FROM [dbo].[Staff] AS [s]
      WHERE ((((((((((((((((((([s].[UnitCode] LIKE N'%ped%') OR ([s].[Country] LIKE N'%ped%')) OR ([s].[Surname] LIKE N'%ped%')) OR ([s].[FirstName] LIKE N'%ped%')) OR ([s].[MiddleName] LIKE N'%ped%')) OR ([s].[Email] LIKE N'%ped%')) OR ([s].[JobGrade] LIKE N'%ped%')) OR ([s].[GradeClassification] LIKE N'%ped%')) OR ([s].[JobRole] LIKE N'%ped%')) OR ([s].[SalesNonSales] LIKE N'%ped%')) OR ([s].[Department] LIKE N'%ped%')) OR ([s].[LocationBranch] LIKE N'%ped%')) OR ([s].[CountryWork] LIKE N'%ped%')) OR ([s].[CountryOrigin] LIKE N'%ped%')) OR ([s].[EmploymentDate] LIKE N'%ped%')) OR ([s].[LengthStay] LIKE N'%ped%')) OR ([s].[SolId] LIKE N'%ped%')) OR ([s].[Mobile1] LIKE N'%ped%')) OR ([s].[Mobile2] LIKE N'%ped%')) OR ([s].[Extension] LIKE N'%ped%')
warn: Microsoft.EntityFrameworkCore.Query[10102]
      The query uses a row limiting operator ('Skip'/'Take') without an 'OrderBy' operator. This may lead to unpredictable results. If the 'Distinct' operator is used after 'OrderBy', then make sure to use the 'OrderBy' operator after 'Distinct' as the ordering would otherwise get erased.
warn: Microsoft.EntityFrameworkCore.Query[10102]
      The query uses a row limiting operator ('Skip'/'Take') without an 'OrderBy' operator. This may lead to unpredictable results. If the 'Distinct' operator is used after 'OrderBy', then make sure to use the 'OrderBy' operator after 'Distinct' as the ordering would otherwise get erased.
info: Microsoft.EntityFrameworkCore.Database.Command[20101]
      Executed DbCommand (6ms) [Parameters=[@__p_0='?' (DbType = Int32), @__p_1='?' (DbType = Int32)], CommandType='Text', CommandTimeout='30']
      SELECT [s].[StaffId], [s].[Age], [s].[Country], [s].[CountryOrigin], [s].[CountryWork], [s].[CurrentYear], [s].[DateBirth], [s].[DateLastPromotion], [s].[Department], [s].[Email], [s].[EmploymentDate], [s].[Extension], [s].[FirstName], [s].[GradeClassification], [s].[JobGrade], [s].[JobRole], [s].[LengthStay], [s].[LocationBranch], [s].[MiddleName], [s].[Mobile1], [s].[Mobile2], [s].[SalesNonSales], [s].[SolId], [s].[StartDate], [s].[Surname], [s].[UnitCode]
      FROM [dbo].[Staff] AS [s]
      WHERE ((((((((((((((((((([s].[UnitCode] LIKE N'%ped%') OR ([s].[Country] LIKE N'%ped%')) OR ([s].[Surname] LIKE N'%ped%')) OR ([s].[FirstName] LIKE N'%ped%')) OR ([s].[MiddleName] LIKE N'%ped%')) OR ([s].[Email] LIKE N'%ped%')) OR ([s].[JobGrade] LIKE N'%ped%')) OR ([s].[GradeClassification] LIKE N'%ped%')) OR ([s].[JobRole] LIKE N'%ped%')) OR ([s].[SalesNonSales] LIKE N'%ped%')) OR ([s].[Department] LIKE N'%ped%')) OR ([s].[LocationBranch] LIKE N'%ped%')) OR ([s].[CountryWork] LIKE N'%ped%')) OR ([s].[CountryOrigin] LIKE N'%ped%')) OR ([s].[EmploymentDate] LIKE N'%ped%')) OR ([s].[LengthStay] LIKE N'%ped%')) OR ([s].[SolId] LIKE N'%ped%')) OR ([s].[Mobile1] LIKE N'%ped%')) OR ([s].[Mobile2] LIKE N'%ped%')) OR ([s].[Extension] LIKE N'%ped%')
      ORDER BY (SELECT 1)
      OFFSET @__p_0 ROWS FETCH NEXT @__p_1 ROWS ONLY
fail: Microsoft.EntityFrameworkCore.Query[10100]
      An exception occurred while iterating over the results of a query for context type 'Intranet.Data.KkkContext'.
      System.Data.SqlTypes.SqlNullValueException: Data is Null. This method or property cannot be called on Null values.
         at Microsoft.Data.SqlClient.SqlBuffer.ThrowIfNull()
         at Microsoft.Data.SqlClient.SqlBuffer.get_DateTime()
         at Microsoft.Data.SqlClient.SqlDataReader.GetDateTime(Int32 i)
         at lambda_method325(Closure , QueryContext , DbDataReader , ResultContext , SingleQueryResultCoordinator )
         at Microsoft.EntityFrameworkCore.Query.Internal.SingleQueryingEnumerable`1.Enumerator.MoveNext()
      System.Data.SqlTypes.SqlNullValueException: Data is Null. This method or property cannot be called on Null values.
         at Microsoft.Data.SqlClient.SqlBuffer.ThrowIfNull()
         at Microsoft.Data.SqlClient.SqlBuffer.get_DateTime()
         at Microsoft.Data.SqlClient.SqlDataReader.GetDateTime(Int32 i)
         at lambda_method325(Closure , QueryContext , DbDataReader , ResultContext , SingleQueryResultCoordinator )
         at Microsoft.EntityFrameworkCore.Query.Internal.SingleQueryingEnumerable`1.Enumerator.MoveNext()
warn: Microsoft.AspNetCore.Components.Server.Circuits.RemoteRenderer[100]
      Unhandled exception rendering component: Data is Null. This method or property cannot be called on Null values.
      System.Data.SqlTypes.SqlNullValueException: Data is Null. This method or property cannot be called on Null values.
         at Microsoft.Data.SqlClient.SqlBuffer.ThrowIfNull()
         at Microsoft.Data.SqlClient.SqlBuffer.get_DateTime()
         at Microsoft.Data.SqlClient.SqlDataReader.GetDateTime(Int32 i)
         at lambda_method325(Closure , QueryContext , DbDataReader , ResultContext , SingleQueryResultCoordinator )
         at Microsoft.EntityFrameworkCore.Query.Internal.SingleQueryingEnumerable`1.Enumerator.MoveNext()
         at System.Collections.Generic.List`1..ctor(IEnumerable`1 collection)
         at System.Linq.Enumerable.ToList[TSource](IEnumerable`1 source)
         at Radzen.PagedDataBoundComponent`1.get_PagedView()
         at Radzen.Blazor.RadzenDataGrid`1.DrawGroupOrDataRows(RenderTreeBuilder builder, IList`1 visibleColumns)
         at Radzen.Blazor.RadzenDataGrid`1.<>c__DisplayClass8_0.<DrawRows>b__0(RenderTreeBuilder builder)
         at Radzen.Blazor.RadzenDataGrid`1.BuildRenderTree(RenderTreeBuilder __builder)
         at Microsoft.AspNetCore.Components.Rendering.ComponentState.RenderIntoBatch(RenderBatchBuilder batchBuilder, RenderFragment renderFragment, Exception& renderFragmentException)
fail: Microsoft.AspNetCore.Components.Server.Circuits.CircuitHost[111]
      Unhandled exception in circuit 'Ar6oKISQC6uXBw8UT-_roQ1BjXHRRwT9FKfJo-TkXc4'.
      System.Data.SqlTypes.SqlNullValueException: Data is Null. This method or property cannot be called on Null values.
         at Microsoft.Data.SqlClient.SqlBuffer.ThrowIfNull()
         at Microsoft.Data.SqlClient.SqlBuffer.get_DateTime()
         at Microsoft.Data.SqlClient.SqlDataReader.GetDateTime(Int32 i)
         at lambda_method325(Closure , QueryContext , DbDataReader , ResultContext , SingleQueryResultCoordinator )
         at Microsoft.EntityFrameworkCore.Query.Internal.SingleQueryingEnumerable`1.Enumerator.MoveNext()
         at System.Collections.Generic.List`1..ctor(IEnumerable`1 collection)
         at System.Linq.Enumerable.ToList[TSource](IEnumerable`1 source)
         at Radzen.PagedDataBoundComponent`1.get_PagedView()
         at Radzen.Blazor.RadzenDataGrid`1.DrawGroupOrDataRows(RenderTreeBuilder builder, IList`1 visibleColumns)
         at Radzen.Blazor.RadzenDataGrid`1.<>c__DisplayClass8_0.<DrawRows>b__0(RenderTreeBuilder builder)
         at Radzen.Blazor.RadzenDataGrid`1.BuildRenderTree(RenderTreeBuilder __builder)
         at Microsoft.AspNetCore.Components.Rendering.ComponentState.RenderIntoBatch(RenderBatchBuilder batchBuilder, RenderFragment renderFragment, Exception& renderFragmentException)
warn: Microsoft.AspNetCore.Components.Server.Circuits.RemoteRenderer[100]
      Unhandled exception rendering component: Cannot access a disposed object.
      System.ObjectDisposedException: Cannot access a disposed object.
         at Microsoft.AspNetCore.Components.RenderTree.ArrayBuilder`1.ThrowObjectDisposedException()
         at Microsoft.AspNetCore.Components.RenderTree.ArrayBuilder`1.GrowBuffer(Int32 desiredCapacity)
         at Microsoft.AspNetCore.Components.Rendering.ComponentState.RenderIntoBatch(RenderBatchBuilder batchBuilder, RenderFragment renderFragment, Exception& renderFragmentException)
         at Microsoft.AspNetCore.Components.RenderTree.Renderer.ProcessRenderQueue()
fail: Microsoft.AspNetCore.Components.Server.Circuits.CircuitHost[111]
      Unhandled exception in circuit 'Ar6oKISQC6uXBw8UT-_roQ1BjXHRRwT9FKfJo-TkXc4'.
      System.ObjectDispo